{"numFailedTestSuites":1,"numFailedTests":1,"numPassedTestSuites":0,"numPassedTests":1,"numPendingTestSuites":0,"numPendingTests":0,"numRuntimeErrorTestSuites":0,"numTodoTests":0,"numTotalTestSuites":1,"numTotalTests":2,"openHandles":[],"snapshot":{"added":0,"didUpdate":false,"failure":false,"filesAdded":0,"filesRemoved":0,"filesRemovedList":[],"filesUnmatched":0,"filesUpdated":0,"matched":0,"total":0,"unchecked":0,"uncheckedKeysByFile":[],"unmatched":0,"updated":0},"startTime":1770715665924,"success":false,"testResults":[{"assertionResults":[{"ancestorTitles":["App Component"],"duration":58,"failing":false,"failureDetails":[],"failureMessages":[],"fullName":"App Component should render without crashing","invocations":1,"location":null,"numPassingAsserts":1,"retryReasons":[],"startAt":1770715667979,"status":"passed","title":"should render without crashing"},{"ancestorTitles":["App Component"],"duration":277,"failing":false,"failureDetails":[{"matcherResult":{"actual":[{"id":"select-name","impact":"critical","tags":["cat.forms","wcag2a","wcag412","section508","section508.22.n","TTv5","TT5.c","EN-301-549","EN-9.4.1.2","ACT"],"description":"Ensure select element has an accessible name","help":"Select element must have an accessible name","helpUrl":"https://dequeuniversity.com/rules/axe/4.10/select-name?application=axeAPI","nodes":[{"any":[{"id":"implicit-label","data":null,"relatedNodes":[],"impact":"critical","message":"Element does not have an implicit (wrapped) <label>"},{"id":"explicit-label","data":null,"relatedNodes":[],"impact":"critical","message":"Element does not have an explicit <label>"},{"id":"aria-label","data":null,"relatedNodes":[],"impact":"critical","message":"aria-label attribute does not exist or is empty"},{"id":"aria-labelledby","data":null,"relatedNodes":[],"impact":"critical","message":"aria-labelledby attribute does not exist, references elements that do not exist or references elements that are empty"},{"id":"non-empty-title","data":{"messageKey":"noAttr"},"relatedNodes":[],"impact":"critical","message":"Element has no title attribute"},{"id":"presentational-role","data":null,"relatedNodes":[],"impact":"critical","message":"Element's default semantics were not overridden with role=\"none\" or role=\"presentation\""}],"all":[],"none":[],"impact":"critical","html":"<select class=\"form-select\"><option value=\"pending\">Pending</option><option value=\"in-progress\">In Progress</option><option value=\"completed\">Completed</option><option value=\"failed\">Failed</option></select>","target":["select"],"failureSummary":"Fix any of the following:\n  Element does not have an implicit (wrapped) <label>\n  Element does not have an explicit <label>\n  aria-label attribute does not exist or is empty\n  aria-labelledby attribute does not exist, references elements that do not exist or references elements that are empty\n  Element has no title attribute\n  Element's default semantics were not overridden with role=\"none\" or role=\"presentation\""}]}],"message":"\u001b[2mexpect(\u001b[22m\u001b[31mreceived\u001b[39m\u001b[2m).toHaveNoViolations(\u001b[22m\u001b[32mexpected\u001b[39m\u001b[2m)\u001b[22m\n\nExpected the HTML found at $('select') to have no violations:\n\n\u001b[90m<select class=\"form-select\"><option value=\"pending\">Pending</option><option value=\"in-progress\">In Progress</option><option value=\"completed\">Completed</option><option value=\"failed\">Failed</option></select>\u001b[39m\n\nReceived:\n\n\u001b[31m\"Select element must have an accessible name (select-name)\"\u001b[39m\n\n\u001b[33mFix any of the following:\u001b[39m\n\u001b[33m  Element does not have an implicit (wrapped) <label>\u001b[39m\n\u001b[33m  Element does not have an explicit <label>\u001b[39m\n\u001b[33m  aria-label attribute does not exist or is empty\u001b[39m\n\u001b[33m  aria-labelledby attribute does not exist, references elements that do not exist or references elements that are empty\u001b[39m\n\u001b[33m  Element has no title attribute\u001b[39m\n\u001b[33m  Element's default semantics were not overridden with role=\"none\" or role=\"presentation\"\u001b[39m\n\nYou can find more information on this issue here: \n\u001b[34mhttps://dequeuniversity.com/rules/axe/4.10/select-name?application=axeAPI\u001b[39m","pass":false}},{},{},{},{}],"failureMessages":["Error: \u001b[2mexpect(\u001b[22m\u001b[31mreceived\u001b[39m\u001b[2m).toHaveNoViolations(\u001b[22m\u001b[32mexpected\u001b[39m\u001b[2m)\u001b[22m\n\nExpected the HTML found at $('select') to have no violations:\n\n\u001b[90m<select class=\"form-select\"><option value=\"pending\">Pending</option><option value=\"in-progress\">In Progress</option><option value=\"completed\">Completed</option><option value=\"failed\">Failed</option></select>\u001b[39m\n\nReceived:\n\n\u001b[31m\"Select element must have an accessible name (select-name)\"\u001b[39m\n\n\u001b[33mFix any of the following:\u001b[39m\n\u001b[33m  Element does not have an implicit (wrapped) <label>\u001b[39m\n\u001b[33m  Element does not have an explicit <label>\u001b[39m\n\u001b[33m  aria-label attribute does not exist or is empty\u001b[39m\n\u001b[33m  aria-labelledby attribute does not exist, references elements that do not exist or references elements that are empty\u001b[39m\n\u001b[33m  Element has no title attribute\u001b[39m\n\u001b[33m  Element's default semantics were not overridden with role=\"none\" or role=\"presentation\"\u001b[39m\n\nYou can find more information on this issue here: \n\u001b[34mhttps://dequeuniversity.com/rules/axe/4.10/select-name?application=axeAPI\u001b[39m\n    at Object.toHaveNoViolations (D:\\Lexfix\\Deployment-monitoring-qa\\frontend\\src\\__tests__\\App.test.jsx:17:25)","ReferenceError: fetch is not defined\n    at getDeployments (D:\\Lexfix\\Deployment-monitoring-qa\\frontend\\src\\services\\api.js:5:15)\n    at fetchDeployments (D:\\Lexfix\\Deployment-monitoring-qa\\frontend\\src\\components\\deployment\\DeploymentPage.jsx:11:38)\n    at fetchDeployments (D:\\Lexfix\\Deployment-monitoring-qa\\frontend\\src\\components\\deployment\\DeploymentPage.jsx:16:5)\n    at Object.react_stack_bottom_frame (D:\\Lexfix\\Deployment-monitoring-qa\\frontend\\node_modules\\react-dom\\cjs\\react-dom-client.development.js:25989:20)\n    at runWithFiberInDEV (D:\\Lexfix\\Deployment-monitoring-qa\\frontend\\node_modules\\react-dom\\cjs\\react-dom-client.development.js:874:13)\n    at commitHookEffectListMount (D:\\Lexfix\\Deployment-monitoring-qa\\frontend\\node_modules\\react-dom\\cjs\\react-dom-client.development.js:13249:29)\n    at commitHookPassiveMountEffects (D:\\Lexfix\\Deployment-monitoring-qa\\frontend\\node_modules\\react-dom\\cjs\\react-dom-client.development.js:13336:11)\n    at commitPassiveMountOnFiber (D:\\Lexfix\\Deployment-monitoring-qa\\frontend\\node_modules\\react-dom\\cjs\\react-dom-client.development.js:15484:13)\n    at recursivelyTraversePassiveMountEffects (D:\\Lexfix\\Deployment-monitoring-qa\\frontend\\node_modules\\react-dom\\cjs\\react-dom-client.development.js:15439:11)\n    at commitPassiveMountOnFiber (D:\\Lexfix\\Deployment-monitoring-qa\\frontend\\node_modules\\react-dom\\cjs\\react-dom-client.development.js:15718:11)\n    at recursivelyTraversePassiveMountEffects (D:\\Lexfix\\Deployment-monitoring-qa\\frontend\\node_modules\\react-dom\\cjs\\react-dom-client.development.js:15439:11)\n    at commitPassiveMountOnFiber (D:\\Lexfix\\Deployment-monitoring-qa\\frontend\\node_modules\\react-dom\\cjs\\react-dom-client.development.js:15718:11)\n    at recursivelyTraversePassiveMountEffects (D:\\Lexfix\\Deployment-monitoring-qa\\frontend\\node_modules\\react-dom\\cjs\\react-dom-client.development.js:15439:11)\n    at commitPassiveMountOnFiber (D:\\Lexfix\\Deployment-monitoring-qa\\frontend\\node_modules\\react-dom\\cjs\\react-dom-client.development.js:15476:11)\n    at recursivelyTraversePassiveMountEffects (D:\\Lexfix\\Deployment-monitoring-qa\\frontend\\node_modules\\react-dom\\cjs\\react-dom-client.development.js:15439:11)\n    at commitPassiveMountOnFiber (D:\\Lexfix\\Deployment-monitoring-qa\\frontend\\node_modules\\react-dom\\cjs\\react-dom-client.development.js:15519:11)\n    at flushPassiveEffects (D:\\Lexfix\\Deployment-monitoring-qa\\frontend\\node_modules\\react-dom\\cjs\\react-dom-client.development.js:18432:9)\n    at D:\\Lexfix\\Deployment-monitoring-qa\\frontend\\node_modules\\react-dom\\cjs\\react-dom-client.development.js:17923:15\n    at flushActQueue (D:\\Lexfix\\Deployment-monitoring-qa\\frontend\\node_modules\\react\\cjs\\react.development.js:590:34)\n    at process.env.NODE_ENV.exports.act (D:\\Lexfix\\Deployment-monitoring-qa\\frontend\\node_modules\\react\\cjs\\react.development.js:884:10)\n    at D:\\Lexfix\\Deployment-monitoring-qa\\frontend\\node_modules\\@testing-library\\react\\dist\\act-compat.js:46:25\n    at renderRoot (D:\\Lexfix\\Deployment-monitoring-qa\\frontend\\node_modules\\@testing-library\\react\\dist\\pure.js:189:26)\n    at render (D:\\Lexfix\\Deployment-monitoring-qa\\frontend\\node_modules\\@testing-library\\react\\dist\\pure.js:291:10)\n    at Object.<anonymous> (D:\\Lexfix\\Deployment-monitoring-qa\\frontend\\src\\__tests__\\App.test.jsx:10:37)\n    at Promise.finally.completed (D:\\Lexfix\\Deployment-monitoring-qa\\frontend\\node_modules\\jest-circus\\build\\jestAdapterInit.js:1557:28)\n    at new Promise (<anonymous>)\n    at callAsyncCircusFn (D:\\Lexfix\\Deployment-monitoring-qa\\frontend\\node_modules\\jest-circus\\build\\jestAdapterInit.js:1497:10)\n    at _callCircusTest (D:\\Lexfix\\Deployment-monitoring-qa\\frontend\\node_modules\\jest-circus\\build\\jestAdapterInit.js:1007:40)\n    at _runTest (D:\\Lexfix\\Deployment-monitoring-qa\\frontend\\node_modules\\jest-circus\\build\\jestAdapterInit.js:947:3)\n    at D:\\Lexfix\\Deployment-monitoring-qa\\frontend\\node_modules\\jest-circus\\build\\jestAdapterInit.js:849:7\n    at _runTestsForDescribeBlock (D:\\Lexfix\\Deployment-monitoring-qa\\frontend\\node_modules\\jest-circus\\build\\jestAdapterInit.js:862:11)\n    at _runTestsForDescribeBlock (D:\\Lexfix\\Deployment-monitoring-qa\\frontend\\node_modules\\jest-circus\\build\\jestAdapterInit.js:857:11)\n    at run (D:\\Lexfix\\Deployment-monitoring-qa\\frontend\\node_modules\\jest-circus\\build\\jestAdapterInit.js:761:3)\n    at runAndTransformResultsToJestFormat (D:\\Lexfix\\Deployment-monitoring-qa\\frontend\\node_modules\\jest-circus\\build\\jestAdapterInit.js:1918:21)\n    at jestAdapter (D:\\Lexfix\\Deployment-monitoring-qa\\frontend\\node_modules\\jest-circus\\build\\runner.js:101:19)\n    at runTestInternal (D:\\Lexfix\\Deployment-monitoring-qa\\frontend\\node_modules\\jest-runner\\build\\index.js:275:16)\n    at runTest (D:\\Lexfix\\Deployment-monitoring-qa\\frontend\\node_modules\\jest-runner\\build\\index.js:343:7)","ReferenceError: fetch is not defined\n    at getDeployments (D:\\Lexfix\\Deployment-monitoring-qa\\frontend\\src\\services\\api.js:5:15)\n    at fetchDeployments (D:\\Lexfix\\Deployment-monitoring-qa\\frontend\\src\\components\\deployment\\DeploymentPage.jsx:11:38)\n    at fetchDeployments (D:\\Lexfix\\Deployment-monitoring-qa\\frontend\\src\\components\\deployment\\DeploymentPage.jsx:16:5)\n    at Object.react_stack_bottom_frame (D:\\Lexfix\\Deployment-monitoring-qa\\frontend\\node_modules\\react-dom\\cjs\\react-dom-client.development.js:25989:20)\n    at runWithFiberInDEV (D:\\Lexfix\\Deployment-monitoring-qa\\frontend\\node_modules\\react-dom\\cjs\\react-dom-client.development.js:874:13)\n    at commitHookEffectListMount (D:\\Lexfix\\Deployment-monitoring-qa\\frontend\\node_modules\\react-dom\\cjs\\react-dom-client.development.js:13249:29)\n    at commitHookPassiveMountEffects (D:\\Lexfix\\Deployment-monitoring-qa\\frontend\\node_modules\\react-dom\\cjs\\react-dom-client.development.js:13336:11)\n    at commitPassiveMountOnFiber (D:\\Lexfix\\Deployment-monitoring-qa\\frontend\\node_modules\\react-dom\\cjs\\react-dom-client.development.js:15484:13)\n    at recursivelyTraversePassiveMountEffects (D:\\Lexfix\\Deployment-monitoring-qa\\frontend\\node_modules\\react-dom\\cjs\\react-dom-client.development.js:15439:11)\n    at commitPassiveMountOnFiber (D:\\Lexfix\\Deployment-monitoring-qa\\frontend\\node_modules\\react-dom\\cjs\\react-dom-client.development.js:15718:11)\n    at recursivelyTraversePassiveMountEffects (D:\\Lexfix\\Deployment-monitoring-qa\\frontend\\node_modules\\react-dom\\cjs\\react-dom-client.development.js:15439:11)\n    at commitPassiveMountOnFiber (D:\\Lexfix\\Deployment-monitoring-qa\\frontend\\node_modules\\react-dom\\cjs\\react-dom-client.development.js:15718:11)\n    at recursivelyTraversePassiveMountEffects (D:\\Lexfix\\Deployment-monitoring-qa\\frontend\\node_modules\\react-dom\\cjs\\react-dom-client.development.js:15439:11)\n    at commitPassiveMountOnFiber (D:\\Lexfix\\Deployment-monitoring-qa\\frontend\\node_modules\\react-dom\\cjs\\react-dom-client.development.js:15476:11)\n    at recursivelyTraversePassiveMountEffects (D:\\Lexfix\\Deployment-monitoring-qa\\frontend\\node_modules\\react-dom\\cjs\\react-dom-client.development.js:15439:11)\n    at commitPassiveMountOnFiber (D:\\Lexfix\\Deployment-monitoring-qa\\frontend\\node_modules\\react-dom\\cjs\\react-dom-client.development.js:15519:11)\n    at flushPassiveEffects (D:\\Lexfix\\Deployment-monitoring-qa\\frontend\\node_modules\\react-dom\\cjs\\react-dom-client.development.js:18432:9)\n    at D:\\Lexfix\\Deployment-monitoring-qa\\frontend\\node_modules\\react-dom\\cjs\\react-dom-client.development.js:17923:15\n    at flushActQueue (D:\\Lexfix\\Deployment-monitoring-qa\\frontend\\node_modules\\react\\cjs\\react.development.js:590:34)\n    at process.env.NODE_ENV.exports.act (D:\\Lexfix\\Deployment-monitoring-qa\\frontend\\node_modules\\react\\cjs\\react.development.js:884:10)\n    at D:\\Lexfix\\Deployment-monitoring-qa\\frontend\\node_modules\\@testing-library\\react\\dist\\act-compat.js:46:25\n    at renderRoot (D:\\Lexfix\\Deployment-monitoring-qa\\frontend\\node_modules\\@testing-library\\react\\dist\\pure.js:189:26)\n    at render (D:\\Lexfix\\Deployment-monitoring-qa\\frontend\\node_modules\\@testing-library\\react\\dist\\pure.js:291:10)\n    at Object.<anonymous> (D:\\Lexfix\\Deployment-monitoring-qa\\frontend\\src\\__tests__\\App.test.jsx:15:37)\n    at Promise.finally.completed (D:\\Lexfix\\Deployment-monitoring-qa\\frontend\\node_modules\\jest-circus\\build\\jestAdapterInit.js:1557:28)\n    at new Promise (<anonymous>)\n    at callAsyncCircusFn (D:\\Lexfix\\Deployment-monitoring-qa\\frontend\\node_modules\\jest-circus\\build\\jestAdapterInit.js:1497:10)\n    at _callCircusTest (D:\\Lexfix\\Deployment-monitoring-qa\\frontend\\node_modules\\jest-circus\\build\\jestAdapterInit.js:1007:40)\n    at _runTest (D:\\Lexfix\\Deployment-monitoring-qa\\frontend\\node_modules\\jest-circus\\build\\jestAdapterInit.js:947:3)\n    at D:\\Lexfix\\Deployment-monitoring-qa\\frontend\\node_modules\\jest-circus\\build\\jestAdapterInit.js:849:7\n    at _runTestsForDescribeBlock (D:\\Lexfix\\Deployment-monitoring-qa\\frontend\\node_modules\\jest-circus\\build\\jestAdapterInit.js:862:11)\n    at _runTestsForDescribeBlock (D:\\Lexfix\\Deployment-monitoring-qa\\frontend\\node_modules\\jest-circus\\build\\jestAdapterInit.js:857:11)\n    at run (D:\\Lexfix\\Deployment-monitoring-qa\\frontend\\node_modules\\jest-circus\\build\\jestAdapterInit.js:761:3)\n    at runAndTransformResultsToJestFormat (D:\\Lexfix\\Deployment-monitoring-qa\\frontend\\node_modules\\jest-circus\\build\\jestAdapterInit.js:1918:21)\n    at jestAdapter (D:\\Lexfix\\Deployment-monitoring-qa\\frontend\\node_modules\\jest-circus\\build\\runner.js:101:19)\n    at runTestInternal (D:\\Lexfix\\Deployment-monitoring-qa\\frontend\\node_modules\\jest-runner\\build\\index.js:275:16)\n    at runTest (D:\\Lexfix\\Deployment-monitoring-qa\\frontend\\node_modules\\jest-runner\\build\\index.js:343:7)","ReferenceError: fetch is not defined\n    at getDeployments (D:\\Lexfix\\Deployment-monitoring-qa\\frontend\\src\\services\\api.js:5:15)\n    at fetchDeployments (D:\\Lexfix\\Deployment-monitoring-qa\\frontend\\src\\components\\deployment\\DeploymentPage.jsx:11:38)\n    at fetchDeployments (D:\\Lexfix\\Deployment-monitoring-qa\\frontend\\src\\components\\deployment\\DeploymentPage.jsx:16:5)\n    at Object.react_stack_bottom_frame (D:\\Lexfix\\Deployment-monitoring-qa\\frontend\\node_modules\\react-dom\\cjs\\react-dom-client.development.js:25989:20)\n    at runWithFiberInDEV (D:\\Lexfix\\Deployment-monitoring-qa\\frontend\\node_modules\\react-dom\\cjs\\react-dom-client.development.js:874:13)\n    at commitHookEffectListMount (D:\\Lexfix\\Deployment-monitoring-qa\\frontend\\node_modules\\react-dom\\cjs\\react-dom-client.development.js:13249:29)\n    at commitHookPassiveMountEffects (D:\\Lexfix\\Deployment-monitoring-qa\\frontend\\node_modules\\react-dom\\cjs\\react-dom-client.development.js:13336:11)\n    at commitPassiveMountOnFiber (D:\\Lexfix\\Deployment-monitoring-qa\\frontend\\node_modules\\react-dom\\cjs\\react-dom-client.development.js:15484:13)\n    at recursivelyTraversePassiveMountEffects (D:\\Lexfix\\Deployment-monitoring-qa\\frontend\\node_modules\\react-dom\\cjs\\react-dom-client.development.js:15439:11)\n    at commitPassiveMountOnFiber (D:\\Lexfix\\Deployment-monitoring-qa\\frontend\\node_modules\\react-dom\\cjs\\react-dom-client.development.js:15718:11)\n    at recursivelyTraversePassiveMountEffects (D:\\Lexfix\\Deployment-monitoring-qa\\frontend\\node_modules\\react-dom\\cjs\\react-dom-client.development.js:15439:11)\n    at commitPassiveMountOnFiber (D:\\Lexfix\\Deployment-monitoring-qa\\frontend\\node_modules\\react-dom\\cjs\\react-dom-client.development.js:15718:11)\n    at recursivelyTraversePassiveMountEffects (D:\\Lexfix\\Deployment-monitoring-qa\\frontend\\node_modules\\react-dom\\cjs\\react-dom-client.development.js:15439:11)\n    at commitPassiveMountOnFiber (D:\\Lexfix\\Deployment-monitoring-qa\\frontend\\node_modules\\react-dom\\cjs\\react-dom-client.development.js:15476:11)\n    at recursivelyTraversePassiveMountEffects (D:\\Lexfix\\Deployment-monitoring-qa\\frontend\\node_modules\\react-dom\\cjs\\react-dom-client.development.js:15439:11)\n    at commitPassiveMountOnFiber (D:\\Lexfix\\Deployment-monitoring-qa\\frontend\\node_modules\\react-dom\\cjs\\react-dom-client.development.js:15519:11)\n    at flushPassiveEffects (D:\\Lexfix\\Deployment-monitoring-qa\\frontend\\node_modules\\react-dom\\cjs\\react-dom-client.development.js:18432:9)\n    at D:\\Lexfix\\Deployment-monitoring-qa\\frontend\\node_modules\\react-dom\\cjs\\react-dom-client.development.js:17923:15\n    at flushActQueue (D:\\Lexfix\\Deployment-monitoring-qa\\frontend\\node_modules\\react\\cjs\\react.development.js:590:34)\n    at process.env.NODE_ENV.exports.act (D:\\Lexfix\\Deployment-monitoring-qa\\frontend\\node_modules\\react\\cjs\\react.development.js:884:10)\n    at D:\\Lexfix\\Deployment-monitoring-qa\\frontend\\node_modules\\@testing-library\\react\\dist\\act-compat.js:46:25\n    at renderRoot (D:\\Lexfix\\Deployment-monitoring-qa\\frontend\\node_modules\\@testing-library\\react\\dist\\pure.js:189:26)\n    at render (D:\\Lexfix\\Deployment-monitoring-qa\\frontend\\node_modules\\@testing-library\\react\\dist\\pure.js:291:10)\n    at Object.<anonymous> (D:\\Lexfix\\Deployment-monitoring-qa\\frontend\\src\\__tests__\\App.test.jsx:10:37)\n    at Promise.finally.completed (D:\\Lexfix\\Deployment-monitoring-qa\\frontend\\node_modules\\jest-circus\\build\\jestAdapterInit.js:1557:28)\n    at new Promise (<anonymous>)\n    at callAsyncCircusFn (D:\\Lexfix\\Deployment-monitoring-qa\\frontend\\node_modules\\jest-circus\\build\\jestAdapterInit.js:1497:10)\n    at _callCircusTest (D:\\Lexfix\\Deployment-monitoring-qa\\frontend\\node_modules\\jest-circus\\build\\jestAdapterInit.js:1007:40)\n    at _runTest (D:\\Lexfix\\Deployment-monitoring-qa\\frontend\\node_modules\\jest-circus\\build\\jestAdapterInit.js:947:3)\n    at D:\\Lexfix\\Deployment-monitoring-qa\\frontend\\node_modules\\jest-circus\\build\\jestAdapterInit.js:849:7\n    at _runTestsForDescribeBlock (D:\\Lexfix\\Deployment-monitoring-qa\\frontend\\node_modules\\jest-circus\\build\\jestAdapterInit.js:862:11)\n    at _runTestsForDescribeBlock (D:\\Lexfix\\Deployment-monitoring-qa\\frontend\\node_modules\\jest-circus\\build\\jestAdapterInit.js:857:11)\n    at run (D:\\Lexfix\\Deployment-monitoring-qa\\frontend\\node_modules\\jest-circus\\build\\jestAdapterInit.js:761:3)\n    at runAndTransformResultsToJestFormat (D:\\Lexfix\\Deployment-monitoring-qa\\frontend\\node_modules\\jest-circus\\build\\jestAdapterInit.js:1918:21)\n    at jestAdapter (D:\\Lexfix\\Deployment-monitoring-qa\\frontend\\node_modules\\jest-circus\\build\\runner.js:101:19)\n    at runTestInternal (D:\\Lexfix\\Deployment-monitoring-qa\\frontend\\node_modules\\jest-runner\\build\\index.js:275:16)\n    at runTest (D:\\Lexfix\\Deployment-monitoring-qa\\frontend\\node_modules\\jest-runner\\build\\index.js:343:7)","ReferenceError: fetch is not defined\n    at getDeployments (D:\\Lexfix\\Deployment-monitoring-qa\\frontend\\src\\services\\api.js:5:15)\n    at fetchDeployments (D:\\Lexfix\\Deployment-monitoring-qa\\frontend\\src\\components\\deployment\\DeploymentPage.jsx:11:38)\n    at fetchDeployments (D:\\Lexfix\\Deployment-monitoring-qa\\frontend\\src\\components\\deployment\\DeploymentPage.jsx:16:5)\n    at Object.react_stack_bottom_frame (D:\\Lexfix\\Deployment-monitoring-qa\\frontend\\node_modules\\react-dom\\cjs\\react-dom-client.development.js:25989:20)\n    at runWithFiberInDEV (D:\\Lexfix\\Deployment-monitoring-qa\\frontend\\node_modules\\react-dom\\cjs\\react-dom-client.development.js:874:13)\n    at commitHookEffectListMount (D:\\Lexfix\\Deployment-monitoring-qa\\frontend\\node_modules\\react-dom\\cjs\\react-dom-client.development.js:13249:29)\n    at commitHookPassiveMountEffects (D:\\Lexfix\\Deployment-monitoring-qa\\frontend\\node_modules\\react-dom\\cjs\\react-dom-client.development.js:13336:11)\n    at commitPassiveMountOnFiber (D:\\Lexfix\\Deployment-monitoring-qa\\frontend\\node_modules\\react-dom\\cjs\\react-dom-client.development.js:15484:13)\n    at recursivelyTraversePassiveMountEffects (D:\\Lexfix\\Deployment-monitoring-qa\\frontend\\node_modules\\react-dom\\cjs\\react-dom-client.development.js:15439:11)\n    at commitPassiveMountOnFiber (D:\\Lexfix\\Deployment-monitoring-qa\\frontend\\node_modules\\react-dom\\cjs\\react-dom-client.development.js:15718:11)\n    at recursivelyTraversePassiveMountEffects (D:\\Lexfix\\Deployment-monitoring-qa\\frontend\\node_modules\\react-dom\\cjs\\react-dom-client.development.js:15439:11)\n    at commitPassiveMountOnFiber (D:\\Lexfix\\Deployment-monitoring-qa\\frontend\\node_modules\\react-dom\\cjs\\react-dom-client.development.js:15718:11)\n    at recursivelyTraversePassiveMountEffects (D:\\Lexfix\\Deployment-monitoring-qa\\frontend\\node_modules\\react-dom\\cjs\\react-dom-client.development.js:15439:11)\n    at commitPassiveMountOnFiber (D:\\Lexfix\\Deployment-monitoring-qa\\frontend\\node_modules\\react-dom\\cjs\\react-dom-client.development.js:15476:11)\n    at recursivelyTraversePassiveMountEffects (D:\\Lexfix\\Deployment-monitoring-qa\\frontend\\node_modules\\react-dom\\cjs\\react-dom-client.development.js:15439:11)\n    at commitPassiveMountOnFiber (D:\\Lexfix\\Deployment-monitoring-qa\\frontend\\node_modules\\react-dom\\cjs\\react-dom-client.development.js:15519:11)\n    at flushPassiveEffects (D:\\Lexfix\\Deployment-monitoring-qa\\frontend\\node_modules\\react-dom\\cjs\\react-dom-client.development.js:18432:9)\n    at D:\\Lexfix\\Deployment-monitoring-qa\\frontend\\node_modules\\react-dom\\cjs\\react-dom-client.development.js:17923:15\n    at flushActQueue (D:\\Lexfix\\Deployment-monitoring-qa\\frontend\\node_modules\\react\\cjs\\react.development.js:590:34)\n    at process.env.NODE_ENV.exports.act (D:\\Lexfix\\Deployment-monitoring-qa\\frontend\\node_modules\\react\\cjs\\react.development.js:884:10)\n    at D:\\Lexfix\\Deployment-monitoring-qa\\frontend\\node_modules\\@testing-library\\react\\dist\\act-compat.js:46:25\n    at renderRoot (D:\\Lexfix\\Deployment-monitoring-qa\\frontend\\node_modules\\@testing-library\\react\\dist\\pure.js:189:26)\n    at render (D:\\Lexfix\\Deployment-monitoring-qa\\frontend\\node_modules\\@testing-library\\react\\dist\\pure.js:291:10)\n    at Object.<anonymous> (D:\\Lexfix\\Deployment-monitoring-qa\\frontend\\src\\__tests__\\App.test.jsx:15:37)\n    at Promise.finally.completed (D:\\Lexfix\\Deployment-monitoring-qa\\frontend\\node_modules\\jest-circus\\build\\jestAdapterInit.js:1557:28)\n    at new Promise (<anonymous>)\n    at callAsyncCircusFn (D:\\Lexfix\\Deployment-monitoring-qa\\frontend\\node_modules\\jest-circus\\build\\jestAdapterInit.js:1497:10)\n    at _callCircusTest (D:\\Lexfix\\Deployment-monitoring-qa\\frontend\\node_modules\\jest-circus\\build\\jestAdapterInit.js:1007:40)\n    at _runTest (D:\\Lexfix\\Deployment-monitoring-qa\\frontend\\node_modules\\jest-circus\\build\\jestAdapterInit.js:947:3)\n    at D:\\Lexfix\\Deployment-monitoring-qa\\frontend\\node_modules\\jest-circus\\build\\jestAdapterInit.js:849:7\n    at _runTestsForDescribeBlock (D:\\Lexfix\\Deployment-monitoring-qa\\frontend\\node_modules\\jest-circus\\build\\jestAdapterInit.js:862:11)\n    at _runTestsForDescribeBlock (D:\\Lexfix\\Deployment-monitoring-qa\\frontend\\node_modules\\jest-circus\\build\\jestAdapterInit.js:857:11)\n    at run (D:\\Lexfix\\Deployment-monitoring-qa\\frontend\\node_modules\\jest-circus\\build\\jestAdapterInit.js:761:3)\n    at runAndTransformResultsToJestFormat (D:\\Lexfix\\Deployment-monitoring-qa\\frontend\\node_modules\\jest-circus\\build\\jestAdapterInit.js:1918:21)\n    at jestAdapter (D:\\Lexfix\\Deployment-monitoring-qa\\frontend\\node_modules\\jest-circus\\build\\runner.js:101:19)\n    at runTestInternal (D:\\Lexfix\\Deployment-monitoring-qa\\frontend\\node_modules\\jest-runner\\build\\index.js:275:16)\n    at runTest (D:\\Lexfix\\Deployment-monitoring-qa\\frontend\\node_modules\\jest-runner\\build\\index.js:343:7)"],"fullName":"App Component should have no accessibility violations","invocations":1,"location":null,"numPassingAsserts":0,"retryReasons":[],"startAt":1770715668039,"status":"failed","title":"should have no accessibility violations"}],"endTime":1770715668402,"message":"\u001b[1m\u001b[31m  \u001b[1m● \u001b[22m\u001b[1mApp Component › should have no accessibility violations\u001b[39m\u001b[22m\n\n    \u001b[2mexpect(\u001b[22m\u001b[31mreceived\u001b[39m\u001b[2m).toHaveNoViolations(\u001b[22m\u001b[32mexpected\u001b[39m\u001b[2m)\u001b[22m\n\n    Expected the HTML found at $('select') to have no violations:\n\n    \u001b[90m<select class=\"form-select\"><option value=\"pending\">Pending</option><option value=\"in-progress\">In Progress</option><option value=\"completed\">Completed</option><option value=\"failed\">Failed</option></select>\u001b[39m\n\n    Received:\n\n    \u001b[31m\"Select element must have an accessible name (select-name)\"\u001b[39m\n\n    \u001b[33mFix any of the following:\u001b[39m\n    \u001b[33m  Element does not have an implicit (wrapped) <label>\u001b[39m\n    \u001b[33m  Element does not have an explicit <label>\u001b[39m\n    \u001b[33m  aria-label attribute does not exist or is empty\u001b[39m\n    \u001b[33m  aria-labelledby attribute does not exist, references elements that do not exist or references elements that are empty\u001b[39m\n    \u001b[33m  Element has no title attribute\u001b[39m\n    \u001b[33m  Element's default semantics were not overridden with role=\"none\" or role=\"presentation\"\u001b[39m\n\n    You can find more information on this issue here: \n    \u001b[34mhttps://dequeuniversity.com/rules/axe/4.10/select-name?application=axeAPI\u001b[39m\n\u001b[2m\u001b[22m\n\u001b[2m    \u001b[0m \u001b[90m 15 |\u001b[39m         \u001b[36mconst\u001b[39m { container } \u001b[33m=\u001b[39m render(\u001b[33m<\u001b[39m\u001b[33mApp\u001b[39m \u001b[33m/\u001b[39m\u001b[33m>\u001b[39m)\u001b[33m;\u001b[39m\u001b[22m\n\u001b[2m     \u001b[90m 16 |\u001b[39m         \u001b[36mconst\u001b[39m results \u001b[33m=\u001b[39m \u001b[36mawait\u001b[39m axe(container)\u001b[33m;\u001b[39m\u001b[22m\n\u001b[2m    \u001b[31m\u001b[1m>\u001b[22m\u001b[2m\u001b[39m\u001b[90m 17 |\u001b[39m         expect(results)\u001b[33m.\u001b[39mtoHaveNoViolations()\u001b[33m;\u001b[39m\u001b[22m\n\u001b[2m     \u001b[90m    |\u001b[39m                         \u001b[31m\u001b[1m^\u001b[22m\u001b[2m\u001b[39m\u001b[22m\n\u001b[2m     \u001b[90m 18 |\u001b[39m     })\u001b[33m;\u001b[39m\u001b[22m\n\u001b[2m     \u001b[90m 19 |\u001b[39m })\u001b[33m;\u001b[39m\u001b[22m\n\u001b[2m     \u001b[90m 20 |\u001b[39m\u001b[0m\u001b[22m\n\u001b[2m\u001b[22m\n\u001b[2m      \u001b[2mat Object.toHaveNoViolations (\u001b[22m\u001b[2m\u001b[0m\u001b[36msrc/__tests__/App.test.jsx\u001b[39m\u001b[0m\u001b[2m:17:25)\u001b[22m\u001b[2m\u001b[22m\n\n\u001b[1m\u001b[31m  \u001b[1m● \u001b[22m\u001b[1mApp Component › should have no accessibility violations\u001b[39m\u001b[22m\n\n    ReferenceError: fetch is not defined\n\u001b[2m\u001b[22m\n\u001b[2m    \u001b[0m \u001b[90m 3 |\u001b[39m \u001b[90m/* ---------- DEPLOYMENT ---------- */\u001b[39m\u001b[22m\n\u001b[2m     \u001b[90m 4 |\u001b[39m \u001b[36mexport\u001b[39m \u001b[36mconst\u001b[39m getDeployments \u001b[33m=\u001b[39m \u001b[36masync\u001b[39m () \u001b[33m=>\u001b[39m {\u001b[22m\n\u001b[2m    \u001b[31m\u001b[1m>\u001b[22m\u001b[2m\u001b[39m\u001b[90m 5 |\u001b[39m   \u001b[36mconst\u001b[39m res \u001b[33m=\u001b[39m \u001b[36mawait\u001b[39m fetch(\u001b[32m`${BASE_URL}/deployment`\u001b[39m)\u001b[33m;\u001b[39m\u001b[22m\n\u001b[2m     \u001b[90m   |\u001b[39m               \u001b[31m\u001b[1m^\u001b[22m\u001b[2m\u001b[39m\u001b[22m\n\u001b[2m     \u001b[90m 6 |\u001b[39m   \u001b[36mreturn\u001b[39m res\u001b[33m.\u001b[39mjson()\u001b[33m;\u001b[39m\u001b[22m\n\u001b[2m     \u001b[90m 7 |\u001b[39m }\u001b[33m;\u001b[39m\u001b[22m\n\u001b[2m     \u001b[90m 8 |\u001b[39m\u001b[0m\u001b[22m\n\u001b[2m\u001b[22m\n\u001b[2m      \u001b[2mat getDeployments (\u001b[22m\u001b[2msrc/services/api.js\u001b[2m:5:15)\u001b[22m\u001b[2m\u001b[22m\n\u001b[2m      \u001b[2mat fetchDeployments (\u001b[22m\u001b[2msrc/components/deployment/DeploymentPage.jsx\u001b[2m:11:38)\u001b[22m\u001b[2m\u001b[22m\n\u001b[2m      \u001b[2mat fetchDeployments (\u001b[22m\u001b[2msrc/components/deployment/DeploymentPage.jsx\u001b[2m:16:5)\u001b[22m\u001b[2m\u001b[22m\n\u001b[2m      \u001b[2mat Object.react_stack_bottom_frame (\u001b[22m\u001b[2mnode_modules/react-dom/cjs/react-dom-client.development.js\u001b[2m:25989:20)\u001b[22m\u001b[2m\u001b[22m\n\u001b[2m      \u001b[2mat runWithFiberInDEV (\u001b[22m\u001b[2mnode_modules/react-dom/cjs/react-dom-client.development.js\u001b[2m:874:13)\u001b[22m\u001b[2m\u001b[22m\n\u001b[2m      \u001b[2mat commitHookEffectListMount (\u001b[22m\u001b[2mnode_modules/react-dom/cjs/react-dom-client.development.js\u001b[2m:13249:29)\u001b[22m\u001b[2m\u001b[22m\n\u001b[2m      \u001b[2mat commitHookPassiveMountEffects (\u001b[22m\u001b[2mnode_modules/react-dom/cjs/react-dom-client.development.js\u001b[2m:13336:11)\u001b[22m\u001b[2m\u001b[22m\n\u001b[2m      \u001b[2mat commitPassiveMountOnFiber (\u001b[22m\u001b[2mnode_modules/react-dom/cjs/react-dom-client.development.js\u001b[2m:15484:13)\u001b[22m\u001b[2m\u001b[22m\n\u001b[2m      \u001b[2mat recursivelyTraversePassiveMountEffects (\u001b[22m\u001b[2mnode_modules/react-dom/cjs/react-dom-client.development.js\u001b[2m:15439:11)\u001b[22m\u001b[2m\u001b[22m\n\u001b[2m      \u001b[2mat commitPassiveMountOnFiber (\u001b[22m\u001b[2mnode_modules/react-dom/cjs/react-dom-client.development.js\u001b[2m:15718:11)\u001b[22m\u001b[2m\u001b[22m\n\u001b[2m      \u001b[2mat recursivelyTraversePassiveMountEffects (\u001b[22m\u001b[2mnode_modules/react-dom/cjs/react-dom-client.development.js\u001b[2m:15439:11)\u001b[22m\u001b[2m\u001b[22m\n\u001b[2m      \u001b[2mat commitPassiveMountOnFiber (\u001b[22m\u001b[2mnode_modules/react-dom/cjs/react-dom-client.development.js\u001b[2m:15718:11)\u001b[22m\u001b[2m\u001b[22m\n\u001b[2m      \u001b[2mat recursivelyTraversePassiveMountEffects (\u001b[22m\u001b[2mnode_modules/react-dom/cjs/react-dom-client.development.js\u001b[2m:15439:11)\u001b[22m\u001b[2m\u001b[22m\n\u001b[2m      \u001b[2mat commitPassiveMountOnFiber (\u001b[22m\u001b[2mnode_modules/react-dom/cjs/react-dom-client.development.js\u001b[2m:15476:11)\u001b[22m\u001b[2m\u001b[22m\n\u001b[2m      \u001b[2mat recursivelyTraversePassiveMountEffects (\u001b[22m\u001b[2mnode_modules/react-dom/cjs/react-dom-client.development.js\u001b[2m:15439:11)\u001b[22m\u001b[2m\u001b[22m\n\u001b[2m      \u001b[2mat commitPassiveMountOnFiber (\u001b[22m\u001b[2mnode_modules/react-dom/cjs/react-dom-client.development.js\u001b[2m:15519:11)\u001b[22m\u001b[2m\u001b[22m\n\u001b[2m      \u001b[2mat flushPassiveEffects (\u001b[22m\u001b[2mnode_modules/react-dom/cjs/react-dom-client.development.js\u001b[2m:18432:9)\u001b[22m\u001b[2m\u001b[22m\n\u001b[2m      \u001b[2mat \u001b[22m\u001b[2mnode_modules/react-dom/cjs/react-dom-client.development.js\u001b[2m:17923:15\u001b[22m\u001b[2m\u001b[22m\n\u001b[2m      \u001b[2mat flushActQueue (\u001b[22m\u001b[2mnode_modules/react/cjs/react.development.js\u001b[2m:590:34)\u001b[22m\u001b[2m\u001b[22m\n\u001b[2m      \u001b[2mat process.env.NODE_ENV.exports.act (\u001b[22m\u001b[2mnode_modules/react/cjs/react.development.js\u001b[2m:884:10)\u001b[22m\u001b[2m\u001b[22m\n\u001b[2m      \u001b[2mat \u001b[22m\u001b[2mnode_modules/@testing-library/react/dist/act-compat.js\u001b[2m:46:25\u001b[22m\u001b[2m\u001b[22m\n\u001b[2m      \u001b[2mat renderRoot (\u001b[22m\u001b[2mnode_modules/@testing-library/react/dist/pure.js\u001b[2m:189:26)\u001b[22m\u001b[2m\u001b[22m\n\u001b[2m      \u001b[2mat render (\u001b[22m\u001b[2mnode_modules/@testing-library/react/dist/pure.js\u001b[2m:291:10)\u001b[22m\u001b[2m\u001b[22m\n\u001b[2m      \u001b[2mat Object.<anonymous> (\u001b[22m\u001b[2m\u001b[0m\u001b[36msrc/__tests__/App.test.jsx\u001b[39m\u001b[0m\u001b[2m:10:37)\u001b[22m\u001b[2m\u001b[22m\n\n\u001b[1m\u001b[31m  \u001b[1m● \u001b[22m\u001b[1mApp Component › should have no accessibility violations\u001b[39m\u001b[22m\n\n    ReferenceError: fetch is not defined\n\u001b[2m\u001b[22m\n\u001b[2m    \u001b[0m \u001b[90m 3 |\u001b[39m \u001b[90m/* ---------- DEPLOYMENT ---------- */\u001b[39m\u001b[22m\n\u001b[2m     \u001b[90m 4 |\u001b[39m \u001b[36mexport\u001b[39m \u001b[36mconst\u001b[39m getDeployments \u001b[33m=\u001b[39m \u001b[36masync\u001b[39m () \u001b[33m=>\u001b[39m {\u001b[22m\n\u001b[2m    \u001b[31m\u001b[1m>\u001b[22m\u001b[2m\u001b[39m\u001b[90m 5 |\u001b[39m   \u001b[36mconst\u001b[39m res \u001b[33m=\u001b[39m \u001b[36mawait\u001b[39m fetch(\u001b[32m`${BASE_URL}/deployment`\u001b[39m)\u001b[33m;\u001b[39m\u001b[22m\n\u001b[2m     \u001b[90m   |\u001b[39m               \u001b[31m\u001b[1m^\u001b[22m\u001b[2m\u001b[39m\u001b[22m\n\u001b[2m     \u001b[90m 6 |\u001b[39m   \u001b[36mreturn\u001b[39m res\u001b[33m.\u001b[39mjson()\u001b[33m;\u001b[39m\u001b[22m\n\u001b[2m     \u001b[90m 7 |\u001b[39m }\u001b[33m;\u001b[39m\u001b[22m\n\u001b[2m     \u001b[90m 8 |\u001b[39m\u001b[0m\u001b[22m\n\u001b[2m\u001b[22m\n\u001b[2m      \u001b[2mat getDeployments (\u001b[22m\u001b[2msrc/services/api.js\u001b[2m:5:15)\u001b[22m\u001b[2m\u001b[22m\n\u001b[2m      \u001b[2mat fetchDeployments (\u001b[22m\u001b[2msrc/components/deployment/DeploymentPage.jsx\u001b[2m:11:38)\u001b[22m\u001b[2m\u001b[22m\n\u001b[2m      \u001b[2mat fetchDeployments (\u001b[22m\u001b[2msrc/components/deployment/DeploymentPage.jsx\u001b[2m:16:5)\u001b[22m\u001b[2m\u001b[22m\n\u001b[2m      \u001b[2mat Object.react_stack_bottom_frame (\u001b[22m\u001b[2mnode_modules/react-dom/cjs/react-dom-client.development.js\u001b[2m:25989:20)\u001b[22m\u001b[2m\u001b[22m\n\u001b[2m      \u001b[2mat runWithFiberInDEV (\u001b[22m\u001b[2mnode_modules/react-dom/cjs/react-dom-client.development.js\u001b[2m:874:13)\u001b[22m\u001b[2m\u001b[22m\n\u001b[2m      \u001b[2mat commitHookEffectListMount (\u001b[22m\u001b[2mnode_modules/react-dom/cjs/react-dom-client.development.js\u001b[2m:13249:29)\u001b[22m\u001b[2m\u001b[22m\n\u001b[2m      \u001b[2mat commitHookPassiveMountEffects (\u001b[22m\u001b[2mnode_modules/react-dom/cjs/react-dom-client.development.js\u001b[2m:13336:11)\u001b[22m\u001b[2m\u001b[22m\n\u001b[2m      \u001b[2mat commitPassiveMountOnFiber (\u001b[22m\u001b[2mnode_modules/react-dom/cjs/react-dom-client.development.js\u001b[2m:15484:13)\u001b[22m\u001b[2m\u001b[22m\n\u001b[2m      \u001b[2mat recursivelyTraversePassiveMountEffects (\u001b[22m\u001b[2mnode_modules/react-dom/cjs/react-dom-client.development.js\u001b[2m:15439:11)\u001b[22m\u001b[2m\u001b[22m\n\u001b[2m      \u001b[2mat commitPassiveMountOnFiber (\u001b[22m\u001b[2mnode_modules/react-dom/cjs/react-dom-client.development.js\u001b[2m:15718:11)\u001b[22m\u001b[2m\u001b[22m\n\u001b[2m      \u001b[2mat recursivelyTraversePassiveMountEffects (\u001b[22m\u001b[2mnode_modules/react-dom/cjs/react-dom-client.development.js\u001b[2m:15439:11)\u001b[22m\u001b[2m\u001b[22m\n\u001b[2m      \u001b[2mat commitPassiveMountOnFiber (\u001b[22m\u001b[2mnode_modules/react-dom/cjs/react-dom-client.development.js\u001b[2m:15718:11)\u001b[22m\u001b[2m\u001b[22m\n\u001b[2m      \u001b[2mat recursivelyTraversePassiveMountEffects (\u001b[22m\u001b[2mnode_modules/react-dom/cjs/react-dom-client.development.js\u001b[2m:15439:11)\u001b[22m\u001b[2m\u001b[22m\n\u001b[2m      \u001b[2mat commitPassiveMountOnFiber (\u001b[22m\u001b[2mnode_modules/react-dom/cjs/react-dom-client.development.js\u001b[2m:15476:11)\u001b[22m\u001b[2m\u001b[22m\n\u001b[2m      \u001b[2mat recursivelyTraversePassiveMountEffects (\u001b[22m\u001b[2mnode_modules/react-dom/cjs/react-dom-client.development.js\u001b[2m:15439:11)\u001b[22m\u001b[2m\u001b[22m\n\u001b[2m      \u001b[2mat commitPassiveMountOnFiber (\u001b[22m\u001b[2mnode_modules/react-dom/cjs/react-dom-client.development.js\u001b[2m:15519:11)\u001b[22m\u001b[2m\u001b[22m\n\u001b[2m      \u001b[2mat flushPassiveEffects (\u001b[22m\u001b[2mnode_modules/react-dom/cjs/react-dom-client.development.js\u001b[2m:18432:9)\u001b[22m\u001b[2m\u001b[22m\n\u001b[2m      \u001b[2mat \u001b[22m\u001b[2mnode_modules/react-dom/cjs/react-dom-client.development.js\u001b[2m:17923:15\u001b[22m\u001b[2m\u001b[22m\n\u001b[2m      \u001b[2mat flushActQueue (\u001b[22m\u001b[2mnode_modules/react/cjs/react.development.js\u001b[2m:590:34)\u001b[22m\u001b[2m\u001b[22m\n\u001b[2m      \u001b[2mat process.env.NODE_ENV.exports.act (\u001b[22m\u001b[2mnode_modules/react/cjs/react.development.js\u001b[2m:884:10)\u001b[22m\u001b[2m\u001b[22m\n\u001b[2m      \u001b[2mat \u001b[22m\u001b[2mnode_modules/@testing-library/react/dist/act-compat.js\u001b[2m:46:25\u001b[22m\u001b[2m\u001b[22m\n\u001b[2m      \u001b[2mat renderRoot (\u001b[22m\u001b[2mnode_modules/@testing-library/react/dist/pure.js\u001b[2m:189:26)\u001b[22m\u001b[2m\u001b[22m\n\u001b[2m      \u001b[2mat render (\u001b[22m\u001b[2mnode_modules/@testing-library/react/dist/pure.js\u001b[2m:291:10)\u001b[22m\u001b[2m\u001b[22m\n\u001b[2m      \u001b[2mat Object.<anonymous> (\u001b[22m\u001b[2m\u001b[0m\u001b[36msrc/__tests__/App.test.jsx\u001b[39m\u001b[0m\u001b[2m:15:37)\u001b[22m\u001b[2m\u001b[22m\n\n\u001b[1m\u001b[31m  \u001b[1m● \u001b[22m\u001b[1mApp Component › should have no accessibility violations\u001b[39m\u001b[22m\n\n    ReferenceError: fetch is not defined\n\u001b[2m\u001b[22m\n\u001b[2m    \u001b[0m \u001b[90m 3 |\u001b[39m \u001b[90m/* ---------- DEPLOYMENT ---------- */\u001b[39m\u001b[22m\n\u001b[2m     \u001b[90m 4 |\u001b[39m \u001b[36mexport\u001b[39m \u001b[36mconst\u001b[39m getDeployments \u001b[33m=\u001b[39m \u001b[36masync\u001b[39m () \u001b[33m=>\u001b[39m {\u001b[22m\n\u001b[2m    \u001b[31m\u001b[1m>\u001b[22m\u001b[2m\u001b[39m\u001b[90m 5 |\u001b[39m   \u001b[36mconst\u001b[39m res \u001b[33m=\u001b[39m \u001b[36mawait\u001b[39m fetch(\u001b[32m`${BASE_URL}/deployment`\u001b[39m)\u001b[33m;\u001b[39m\u001b[22m\n\u001b[2m     \u001b[90m   |\u001b[39m               \u001b[31m\u001b[1m^\u001b[22m\u001b[2m\u001b[39m\u001b[22m\n\u001b[2m     \u001b[90m 6 |\u001b[39m   \u001b[36mreturn\u001b[39m res\u001b[33m.\u001b[39mjson()\u001b[33m;\u001b[39m\u001b[22m\n\u001b[2m     \u001b[90m 7 |\u001b[39m }\u001b[33m;\u001b[39m\u001b[22m\n\u001b[2m     \u001b[90m 8 |\u001b[39m\u001b[0m\u001b[22m\n\u001b[2m\u001b[22m\n\u001b[2m      \u001b[2mat getDeployments (\u001b[22m\u001b[2msrc/services/api.js\u001b[2m:5:15)\u001b[22m\u001b[2m\u001b[22m\n\u001b[2m      \u001b[2mat fetchDeployments (\u001b[22m\u001b[2msrc/components/deployment/DeploymentPage.jsx\u001b[2m:11:38)\u001b[22m\u001b[2m\u001b[22m\n\u001b[2m      \u001b[2mat fetchDeployments (\u001b[22m\u001b[2msrc/components/deployment/DeploymentPage.jsx\u001b[2m:16:5)\u001b[22m\u001b[2m\u001b[22m\n\u001b[2m      \u001b[2mat Object.react_stack_bottom_frame (\u001b[22m\u001b[2mnode_modules/react-dom/cjs/react-dom-client.development.js\u001b[2m:25989:20)\u001b[22m\u001b[2m\u001b[22m\n\u001b[2m      \u001b[2mat runWithFiberInDEV (\u001b[22m\u001b[2mnode_modules/react-dom/cjs/react-dom-client.development.js\u001b[2m:874:13)\u001b[22m\u001b[2m\u001b[22m\n\u001b[2m      \u001b[2mat commitHookEffectListMount (\u001b[22m\u001b[2mnode_modules/react-dom/cjs/react-dom-client.development.js\u001b[2m:13249:29)\u001b[22m\u001b[2m\u001b[22m\n\u001b[2m      \u001b[2mat commitHookPassiveMountEffects (\u001b[22m\u001b[2mnode_modules/react-dom/cjs/react-dom-client.development.js\u001b[2m:13336:11)\u001b[22m\u001b[2m\u001b[22m\n\u001b[2m      \u001b[2mat commitPassiveMountOnFiber (\u001b[22m\u001b[2mnode_modules/react-dom/cjs/react-dom-client.development.js\u001b[2m:15484:13)\u001b[22m\u001b[2m\u001b[22m\n\u001b[2m      \u001b[2mat recursivelyTraversePassiveMountEffects (\u001b[22m\u001b[2mnode_modules/react-dom/cjs/react-dom-client.development.js\u001b[2m:15439:11)\u001b[22m\u001b[2m\u001b[22m\n\u001b[2m      \u001b[2mat commitPassiveMountOnFiber (\u001b[22m\u001b[2mnode_modules/react-dom/cjs/react-dom-client.development.js\u001b[2m:15718:11)\u001b[22m\u001b[2m\u001b[22m\n\u001b[2m      \u001b[2mat recursivelyTraversePassiveMountEffects (\u001b[22m\u001b[2mnode_modules/react-dom/cjs/react-dom-client.development.js\u001b[2m:15439:11)\u001b[22m\u001b[2m\u001b[22m\n\u001b[2m      \u001b[2mat commitPassiveMountOnFiber (\u001b[22m\u001b[2mnode_modules/react-dom/cjs/react-dom-client.development.js\u001b[2m:15718:11)\u001b[22m\u001b[2m\u001b[22m\n\u001b[2m      \u001b[2mat recursivelyTraversePassiveMountEffects (\u001b[22m\u001b[2mnode_modules/react-dom/cjs/react-dom-client.development.js\u001b[2m:15439:11)\u001b[22m\u001b[2m\u001b[22m\n\u001b[2m      \u001b[2mat commitPassiveMountOnFiber (\u001b[22m\u001b[2mnode_modules/react-dom/cjs/react-dom-client.development.js\u001b[2m:15476:11)\u001b[22m\u001b[2m\u001b[22m\n\u001b[2m      \u001b[2mat recursivelyTraversePassiveMountEffects (\u001b[22m\u001b[2mnode_modules/react-dom/cjs/react-dom-client.development.js\u001b[2m:15439:11)\u001b[22m\u001b[2m\u001b[22m\n\u001b[2m      \u001b[2mat commitPassiveMountOnFiber (\u001b[22m\u001b[2mnode_modules/react-dom/cjs/react-dom-client.development.js\u001b[2m:15519:11)\u001b[22m\u001b[2m\u001b[22m\n\u001b[2m      \u001b[2mat flushPassiveEffects (\u001b[22m\u001b[2mnode_modules/react-dom/cjs/react-dom-client.development.js\u001b[2m:18432:9)\u001b[22m\u001b[2m\u001b[22m\n\u001b[2m      \u001b[2mat \u001b[22m\u001b[2mnode_modules/react-dom/cjs/react-dom-client.development.js\u001b[2m:17923:15\u001b[22m\u001b[2m\u001b[22m\n\u001b[2m      \u001b[2mat flushActQueue (\u001b[22m\u001b[2mnode_modules/react/cjs/react.development.js\u001b[2m:590:34)\u001b[22m\u001b[2m\u001b[22m\n\u001b[2m      \u001b[2mat process.env.NODE_ENV.exports.act (\u001b[22m\u001b[2mnode_modules/react/cjs/react.development.js\u001b[2m:884:10)\u001b[22m\u001b[2m\u001b[22m\n\u001b[2m      \u001b[2mat \u001b[22m\u001b[2mnode_modules/@testing-library/react/dist/act-compat.js\u001b[2m:46:25\u001b[22m\u001b[2m\u001b[22m\n\u001b[2m      \u001b[2mat renderRoot (\u001b[22m\u001b[2mnode_modules/@testing-library/react/dist/pure.js\u001b[2m:189:26)\u001b[22m\u001b[2m\u001b[22m\n\u001b[2m      \u001b[2mat render (\u001b[22m\u001b[2mnode_modules/@testing-library/react/dist/pure.js\u001b[2m:291:10)\u001b[22m\u001b[2m\u001b[22m\n\u001b[2m      \u001b[2mat Object.<anonymous> (\u001b[22m\u001b[2m\u001b[0m\u001b[36msrc/__tests__/App.test.jsx\u001b[39m\u001b[0m\u001b[2m:10:37)\u001b[22m\u001b[2m\u001b[22m\n\n\u001b[1m\u001b[31m  \u001b[1m● \u001b[22m\u001b[1mApp Component › should have no accessibility violations\u001b[39m\u001b[22m\n\n    ReferenceError: fetch is not defined\n\u001b[2m\u001b[22m\n\u001b[2m    \u001b[0m \u001b[90m 3 |\u001b[39m \u001b[90m/* ---------- DEPLOYMENT ---------- */\u001b[39m\u001b[22m\n\u001b[2m     \u001b[90m 4 |\u001b[39m \u001b[36mexport\u001b[39m \u001b[36mconst\u001b[39m getDeployments \u001b[33m=\u001b[39m \u001b[36masync\u001b[39m () \u001b[33m=>\u001b[39m {\u001b[22m\n\u001b[2m    \u001b[31m\u001b[1m>\u001b[22m\u001b[2m\u001b[39m\u001b[90m 5 |\u001b[39m   \u001b[36mconst\u001b[39m res \u001b[33m=\u001b[39m \u001b[36mawait\u001b[39m fetch(\u001b[32m`${BASE_URL}/deployment`\u001b[39m)\u001b[33m;\u001b[39m\u001b[22m\n\u001b[2m     \u001b[90m   |\u001b[39m               \u001b[31m\u001b[1m^\u001b[22m\u001b[2m\u001b[39m\u001b[22m\n\u001b[2m     \u001b[90m 6 |\u001b[39m   \u001b[36mreturn\u001b[39m res\u001b[33m.\u001b[39mjson()\u001b[33m;\u001b[39m\u001b[22m\n\u001b[2m     \u001b[90m 7 |\u001b[39m }\u001b[33m;\u001b[39m\u001b[22m\n\u001b[2m     \u001b[90m 8 |\u001b[39m\u001b[0m\u001b[22m\n\u001b[2m\u001b[22m\n\u001b[2m      \u001b[2mat getDeployments (\u001b[22m\u001b[2msrc/services/api.js\u001b[2m:5:15)\u001b[22m\u001b[2m\u001b[22m\n\u001b[2m      \u001b[2mat fetchDeployments (\u001b[22m\u001b[2msrc/components/deployment/DeploymentPage.jsx\u001b[2m:11:38)\u001b[22m\u001b[2m\u001b[22m\n\u001b[2m      \u001b[2mat fetchDeployments (\u001b[22m\u001b[2msrc/components/deployment/DeploymentPage.jsx\u001b[2m:16:5)\u001b[22m\u001b[2m\u001b[22m\n\u001b[2m      \u001b[2mat Object.react_stack_bottom_frame (\u001b[22m\u001b[2mnode_modules/react-dom/cjs/react-dom-client.development.js\u001b[2m:25989:20)\u001b[22m\u001b[2m\u001b[22m\n\u001b[2m      \u001b[2mat runWithFiberInDEV (\u001b[22m\u001b[2mnode_modules/react-dom/cjs/react-dom-client.development.js\u001b[2m:874:13)\u001b[22m\u001b[2m\u001b[22m\n\u001b[2m      \u001b[2mat commitHookEffectListMount (\u001b[22m\u001b[2mnode_modules/react-dom/cjs/react-dom-client.development.js\u001b[2m:13249:29)\u001b[22m\u001b[2m\u001b[22m\n\u001b[2m      \u001b[2mat commitHookPassiveMountEffects (\u001b[22m\u001b[2mnode_modules/react-dom/cjs/react-dom-client.development.js\u001b[2m:13336:11)\u001b[22m\u001b[2m\u001b[22m\n\u001b[2m      \u001b[2mat commitPassiveMountOnFiber (\u001b[22m\u001b[2mnode_modules/react-dom/cjs/react-dom-client.development.js\u001b[2m:15484:13)\u001b[22m\u001b[2m\u001b[22m\n\u001b[2m      \u001b[2mat recursivelyTraversePassiveMountEffects (\u001b[22m\u001b[2mnode_modules/react-dom/cjs/react-dom-client.development.js\u001b[2m:15439:11)\u001b[22m\u001b[2m\u001b[22m\n\u001b[2m      \u001b[2mat commitPassiveMountOnFiber (\u001b[22m\u001b[2mnode_modules/react-dom/cjs/react-dom-client.development.js\u001b[2m:15718:11)\u001b[22m\u001b[2m\u001b[22m\n\u001b[2m      \u001b[2mat recursivelyTraversePassiveMountEffects (\u001b[22m\u001b[2mnode_modules/react-dom/cjs/react-dom-client.development.js\u001b[2m:15439:11)\u001b[22m\u001b[2m\u001b[22m\n\u001b[2m      \u001b[2mat commitPassiveMountOnFiber (\u001b[22m\u001b[2mnode_modules/react-dom/cjs/react-dom-client.development.js\u001b[2m:15718:11)\u001b[22m\u001b[2m\u001b[22m\n\u001b[2m      \u001b[2mat recursivelyTraversePassiveMountEffects (\u001b[22m\u001b[2mnode_modules/react-dom/cjs/react-dom-client.development.js\u001b[2m:15439:11)\u001b[22m\u001b[2m\u001b[22m\n\u001b[2m      \u001b[2mat commitPassiveMountOnFiber (\u001b[22m\u001b[2mnode_modules/react-dom/cjs/react-dom-client.development.js\u001b[2m:15476:11)\u001b[22m\u001b[2m\u001b[22m\n\u001b[2m      \u001b[2mat recursivelyTraversePassiveMountEffects (\u001b[22m\u001b[2mnode_modules/react-dom/cjs/react-dom-client.development.js\u001b[2m:15439:11)\u001b[22m\u001b[2m\u001b[22m\n\u001b[2m      \u001b[2mat commitPassiveMountOnFiber (\u001b[22m\u001b[2mnode_modules/react-dom/cjs/react-dom-client.development.js\u001b[2m:15519:11)\u001b[22m\u001b[2m\u001b[22m\n\u001b[2m      \u001b[2mat flushPassiveEffects (\u001b[22m\u001b[2mnode_modules/react-dom/cjs/react-dom-client.development.js\u001b[2m:18432:9)\u001b[22m\u001b[2m\u001b[22m\n\u001b[2m      \u001b[2mat \u001b[22m\u001b[2mnode_modules/react-dom/cjs/react-dom-client.development.js\u001b[2m:17923:15\u001b[22m\u001b[2m\u001b[22m\n\u001b[2m      \u001b[2mat flushActQueue (\u001b[22m\u001b[2mnode_modules/react/cjs/react.development.js\u001b[2m:590:34)\u001b[22m\u001b[2m\u001b[22m\n\u001b[2m      \u001b[2mat process.env.NODE_ENV.exports.act (\u001b[22m\u001b[2mnode_modules/react/cjs/react.development.js\u001b[2m:884:10)\u001b[22m\u001b[2m\u001b[22m\n\u001b[2m      \u001b[2mat \u001b[22m\u001b[2mnode_modules/@testing-library/react/dist/act-compat.js\u001b[2m:46:25\u001b[22m\u001b[2m\u001b[22m\n\u001b[2m      \u001b[2mat renderRoot (\u001b[22m\u001b[2mnode_modules/@testing-library/react/dist/pure.js\u001b[2m:189:26)\u001b[22m\u001b[2m\u001b[22m\n\u001b[2m      \u001b[2mat render (\u001b[22m\u001b[2mnode_modules/@testing-library/react/dist/pure.js\u001b[2m:291:10)\u001b[22m\u001b[2m\u001b[22m\n\u001b[2m      \u001b[2mat Object.<anonymous> (\u001b[22m\u001b[2m\u001b[0m\u001b[36msrc/__tests__/App.test.jsx\u001b[39m\u001b[0m\u001b[2m:15:37)\u001b[22m\u001b[2m\u001b[22m\n","name":"D:\\Lexfix\\Deployment-monitoring-qa\\frontend\\src\\__tests__\\App.test.jsx","startTime":1770715666501,"status":"failed","summary":""}],"wasInterrupted":false}
